<?xml version="1.0" encoding="UTF-8"?>
<!-- Generated by org.testng.reporters.JUnitReportReporter -->
<testsuite hostname="DESKTOP-T8A6R7A" failures="0" tests="1" name="assertionStudy.Demo" time="0.025" errors="0" timestamp="2025-11-15T16:57:44 IST" skipped="0">
  <testcase classname="assertionStudy.Demo" name="f" time="0.025">
    <system-out>
      <![CDATA[TC PASSED]]>
    </system-out>
  </testcase> <!-- f -->
  <system-out>
    <![CDATA[TC PASSED]]>
  </system-out>
</testsuite> <!-- assertionStudy.Demo -->
